#
# A fatal error has been detected by the Java Runtime Environment:
#
#  EXCEPTION_ACCESS_VIOLATION (0xc0000005) at pc=0x4fd888b4, pid=1380, tid=1392
#
# JRE version: 6.0_38-b05
# Java VM: Java HotSpot(TM) Client VM (20.13-b02 mixed mode windows-x86 )
# Problematic frame:
# C  0x4fd888b4
#
# If you would like to submit a bug report, please visit:
#   http://java.sun.com/webapps/bugreport/crash.jsp
# The crash happened outside the Java Virtual Machine in native code.
# See problematic frame for where to report the bug.
#

---------------  T H R E A D  ---------------

Current thread (0x17051400):  JavaThread "AWT-EventQueue-0" [_thread_in_native, id=1392, stack(0x17980000,0x179d0000)]

siginfo: ExceptionCode=0xc0000005, reading address 0x4fd888b4

Registers:
EAX=0x00000000, EBX=0x00000001, ECX=0x179cec20, EDX=0x7c91e4f4
ESP=0x179cec44, EBP=0x179cec4c, ESI=0x000c7a64, EDI=0x00010001
EIP=0x4fd888b4, EFLAGS=0x00010246

Top of Stack: (sp=0x179cec44)
0x179cec44:   1727acb0 00000000 00010001 6d16147b
0x179cec54:   000c7a60 00000000 1727acb0 17051528
0x179cec64:   00000000 179cecd0 6d161a80 00010001
0x179cec74:   17b31ca0 6d165875 00000000 17051400
0x179cec84:   14838b40 14838b40 00b29fc7 17051528
0x179cec94:   179cecec 00000000 000001c2 0000012c
0x179ceca4:   17051400 179cecdc 00b22e21 179cecb0
0x179cecb4:   00000000 179cecec 14aeadd0 00000000 

Instructions: (pc=0x4fd888b4)
0x4fd88894:   
[error occurred during error reporting (printing registers, top of stack, instructions near pc), id 0xc0000005]

Register to memory mapping:

EAX=0x00000000 is an unknown value
EBX=0x00000001 is an unknown value
ECX=0x179cec20 is pointing into the stack for thread: 0x17051400
EDX=0x7c91e4f4 is an unknown value
ESP=0x179cec44 is pointing into the stack for thread: 0x17051400
EBP=0x179cec4c is pointing into the stack for thread: 0x17051400
ESI=0x000c7a64 is an unknown value
EDI=0x00010001 is an unknown value


Stack: [0x17980000,0x179d0000],  sp=0x179cec44,  free space=315k
Native frames: (J=compiled Java code, j=interpreted, Vv=VM code, C=native code)
C  0x4fd888b4

Java frames: (J=compiled Java code, j=interpreted, Vv=VM code)
j  sun.java2d.d3d.D3DSurfaceData.initOps(III)V+0
j  sun.java2d.d3d.D3DSurfaceData.<init>(Lsun/awt/windows/WComponentPeer;Lsun/java2d/d3d/D3DGraphicsConfig;IILjava/awt/Image;Ljava/awt/image/ColorModel;IILsun/java2d/pipe/hw/ExtendedBufferCapabilities$VSyncType;I)V+76
j  sun.java2d.d3d.D3DSurfaceData.createData(Lsun/awt/windows/WComponentPeer;Ljava/awt/Image;)Lsun/java2d/d3d/D3DSurfaceData;+117
j  sun.java2d.d3d.D3DVolatileSurfaceManager.initAcceleratedSurface()Lsun/java2d/SurfaceData;+59
j  sun.awt.image.VolatileSurfaceManager.initialize()V+9
j  sun.awt.image.SunVolatileImage.<init>(Ljava/awt/Component;Ljava/awt/GraphicsConfiguration;IILjava/lang/Object;ILjava/awt/ImageCapabilities;I)V+107
j  sun.awt.image.SunVolatileImage.<init>(Ljava/awt/Component;Ljava/awt/GraphicsConfiguration;IILjava/lang/Object;Ljava/awt/ImageCapabilities;)V+12
j  sun.awt.image.SunVolatileImage.<init>(Ljava/awt/Component;IILjava/lang/Object;)V+11
j  sun.java2d.d3d.D3DGraphicsConfig.createBackBuffer(Lsun/awt/windows/WComponentPeer;)Ljava/awt/image/VolatileImage;+38
j  sun.awt.windows.WComponentPeer.replaceSurfaceData(ILjava/awt/BufferCapabilities;)V+117
j  sun.awt.windows.WComponentPeer.createBuffers(ILjava/awt/BufferCapabilities;)V+26
j  java.awt.Component$FlipBufferStrategy.createBuffers(ILjava/awt/BufferCapabilities;)V+145
j  java.awt.Component$FlipBufferStrategy.<init>(Ljava/awt/Component;ILjava/awt/BufferCapabilities;)V+46
j  java.awt.Component$FlipSubRegionBufferStrategy.<init>(Ljava/awt/Component;ILjava/awt/BufferCapabilities;)V+9
j  java.awt.Component.createBufferStrategy(ILjava/awt/BufferCapabilities;)V+117
j  java.awt.Window.createBufferStrategy(ILjava/awt/BufferCapabilities;)V+3
j  javax.swing.BufferStrategyPaintManager$BufferInfo.createBufferStrategy(Ljava/awt/Container;Z)Ljava/awt/image/BufferStrategy;+190
j  javax.swing.BufferStrategyPaintManager$BufferInfo.createBufferStrategy()Ljava/awt/image/BufferStrategy;+54
j  javax.swing.BufferStrategyPaintManager$BufferInfo.getBufferStrategy(Z)Ljava/awt/image/BufferStrategy;+31
j  javax.swing.BufferStrategyPaintManager.prepare(Ljavax/swing/JComponent;ZIIII)Z+135
j  javax.swing.BufferStrategyPaintManager.paint(Ljavax/swing/JComponent;Ljavax/swing/JComponent;Ljava/awt/Graphics;IIII)Z+11
j  javax.swing.RepaintManager.paint(Ljavax/swing/JComponent;Ljavax/swing/JComponent;Ljava/awt/Graphics;IIII)V+52
j  javax.swing.JComponent.paint(Ljava/awt/Graphics;)V+225
j  java.awt.GraphicsCallback$PaintCallback.run(Ljava/awt/Component;Ljava/awt/Graphics;)V+2
j  sun.awt.SunGraphicsCallback.runOneComponent(Ljava/awt/Component;Ljava/awt/Rectangle;Ljava/awt/Graphics;Ljava/awt/Shape;I)V+155
j  sun.awt.SunGraphicsCallback.runComponents([Ljava/awt/Component;Ljava/awt/Graphics;I)V+104
j  java.awt.Container.paint(Ljava/awt/Graphics;)V+73
j  java.awt.Window.paint(Ljava/awt/Graphics;)V+72
j  javax.swing.RepaintManager.paintDirtyRegions(Ljava/util/Map;)V+250
j  javax.swing.RepaintManager.paintDirtyRegions()V+46
j  javax.swing.RepaintManager.prePaintDirtyRegions()V+73
j  javax.swing.RepaintManager.access$700(Ljavax/swing/RepaintManager;)V+1
j  javax.swing.RepaintManager$ProcessingRunnable.run()V+37
j  java.awt.event.InvocationEvent.dispatch()V+47
j  java.awt.EventQueue.dispatchEventImpl(Ljava/awt/AWTEvent;Ljava/lang/Object;)V+21
j  java.awt.EventQueue.access$400(Ljava/awt/EventQueue;Ljava/awt/AWTEvent;Ljava/lang/Object;)V+3
j  java.awt.EventQueue$2.run()Ljava/lang/Void;+12
j  java.awt.EventQueue$2.run()Ljava/lang/Object;+1
v  ~StubRoutines::call_stub
j  java.security.AccessController.doPrivileged(Ljava/security/PrivilegedAction;Ljava/security/AccessControlContext;)Ljava/lang/Object;+0
j  java.security.AccessControlContext$1.doIntersectionPrivilege(Ljava/security/PrivilegedAction;Ljava/security/AccessControlContext;Ljava/security/AccessControlContext;)Ljava/lang/Object;+28
j  java.awt.EventQueue.dispatchEvent(Ljava/awt/AWTEvent;)V+46
j  java.awt.EventDispatchThread.pumpOneEventForFilters(I)Z+204
j  java.awt.EventDispatchThread.pumpEventsForFilter(ILjava/awt/Conditional;Ljava/awt/EventFilter;)V+30
j  java.awt.EventDispatchThread.pumpEventsForHierarchy(ILjava/awt/Conditional;Ljava/awt/Component;)V+11
j  java.awt.EventDispatchThread.pumpEvents(ILjava/awt/Conditional;)V+4
j  java.awt.EventDispatchThread.pumpEvents(Ljava/awt/Conditional;)V+3
j  java.awt.EventDispatchThread.run()V+9
v  ~StubRoutines::call_stub

---------------  P R O C E S S  ---------------

Java Threads: ( => current thread )
=>0x17051400 JavaThread "AWT-EventQueue-0" [_thread_in_native, id=1392, stack(0x17980000,0x179d0000)]
  0x17524400 JavaThread "Image Fetcher 0" daemon [_thread_blocked, id=2512, stack(0x17920000,0x17970000)]
  0x17570c00 JavaThread "AWT-Shutdown" [_thread_blocked, id=4420, stack(0x17840000,0x17890000)]
  0x17570400 JavaThread "Java2D Disposer" daemon [_thread_blocked, id=4924, stack(0x177f0000,0x17840000)]
  0x17507400 JavaThread "H2 Log Writer TIMER_MANAGER_DB" daemon [_thread_blocked, id=5960, stack(0x17770000,0x177c0000)]
  0x174c3c00 JavaThread "H2 File Lock Watchdog C:\max\src\tomato_Copia\sqlDataBase\timer_manager_db.lock.db" daemon [_thread_blocked, id=2892, stack(0x17720000,0x17770000)]
  0x17155800 JavaThread "Low Memory Detector" daemon [_thread_blocked, id=5572, stack(0x171c0000,0x17210000)]
  0x17153800 JavaThread "C1 CompilerThread0" daemon [_thread_blocked, id=3860, stack(0x17170000,0x171c0000)]
  0x16d6ac00 JavaThread "Attach Listener" daemon [_thread_blocked, id=2160, stack(0x16f20000,0x16f70000)]
  0x16d69400 JavaThread "Signal Dispatcher" daemon [_thread_blocked, id=4136, stack(0x16ed0000,0x16f20000)]
  0x16d5a400 JavaThread "Finalizer" daemon [_thread_blocked, id=4324, stack(0x16e80000,0x16ed0000)]
  0x16d55c00 JavaThread "Reference Handler" daemon [_thread_blocked, id=5196, stack(0x16e30000,0x16e80000)]
  0x003b7000 JavaThread "main" [_thread_blocked, id=6092, stack(0x00990000,0x009e0000)]

Other Threads:
  0x16d51c00 VMThread [stack: 0x16de0000,0x16e30000] [id=2244]
  0x17162c00 WatcherThread [stack: 0x17210000,0x17260000] [id=4572]

VM state:not at safepoint (normal execution)

VM Mutex/Monitor currently owned by a thread: None

Heap
 def new generation   total 4992K, used 4026K [0x02ba0000, 0x03100000, 0x080f0000)
  eden space 4480K,  84% used [0x02ba0000, 0x02f57f80, 0x03000000)
  from space 512K,  42% used [0x03080000, 0x030b6c50, 0x03100000)
  to   space 512K,   0% used [0x03000000, 0x03000000, 0x03080000)
 tenured generation   total 10944K, used 4314K [0x080f0000, 0x08ba0000, 0x12ba0000)
   the space 10944K,  39% used [0x080f0000, 0x08526848, 0x08526a00, 0x08ba0000)
 compacting perm gen  total 32512K, used 32416K [0x12ba0000, 0x14b60000, 0x16ba0000)
   the space 32512K,  99% used [0x12ba0000, 0x14b481b8, 0x14b48200, 0x14b60000)
No shared spaces configured.

Code Cache  [0x00b20000, 0x00d68000, 0x02b20000)
 total_blobs=1231 nmethods=1007 adapters=159 free_code_cache=31184192 largest_free_block=192

Dynamic libraries:
0x00400000 - 0x00425000 	C:\Programmi\Java\jdk1.6.0_04\jre\bin\java.exe
0x7c910000 - 0x7c9c5000 	C:\WINDOWS\system32\ntdll.dll
0x7c800000 - 0x7c901000 	C:\WINDOWS\system32\kernel32.dll
0x77f40000 - 0x77feb000 	C:\WINDOWS\system32\ADVAPI32.dll
0x77da0000 - 0x77e32000 	C:\WINDOWS\system32\RPCRT4.dll
0x77f10000 - 0x77f21000 	C:\WINDOWS\system32\Secur32.dll
0x7c340000 - 0x7c396000 	C:\Programmi\Java\jdk1.6.0_04\jre\bin\msvcr71.dll
0x6d8c0000 - 0x6db70000 	C:\Programmi\Java\jdk1.6.0_04\jre\bin\client\jvm.dll
0x7e390000 - 0x7e421000 	C:\WINDOWS\system32\USER32.dll
0x77e40000 - 0x77e89000 	C:\WINDOWS\system32\GDI32.dll
0x76b00000 - 0x76b2e000 	C:\WINDOWS\system32\WINMM.dll
0x6d870000 - 0x6d87c000 	C:\Programmi\Java\jdk1.6.0_04\jre\bin\verify.dll
0x6d3d0000 - 0x6d3ef000 	C:\Programmi\Java\jdk1.6.0_04\jre\bin\java.dll
0x6d370000 - 0x6d38a000 	C:\Programmi\Java\jdk1.6.0_04\jre\bin\instrument.dll
0x6d8b0000 - 0x6d8bf000 	C:\Programmi\Java\jdk1.6.0_04\jre\bin\zip.dll
0x6d6b0000 - 0x6d6c3000 	C:\Programmi\Java\jdk1.6.0_04\jre\bin\net.dll
0x71a30000 - 0x71a47000 	C:\WINDOWS\system32\WS2_32.dll
0x77be0000 - 0x77c38000 	C:\WINDOWS\system32\msvcrt.dll
0x71a20000 - 0x71a28000 	C:\WINDOWS\system32\WS2HELP.dll
0x719d0000 - 0x71a10000 	C:\WINDOWS\System32\mswsock.dll
0x76ee0000 - 0x76f07000 	C:\WINDOWS\system32\DNSAPI.dll
0x76f70000 - 0x76f78000 	C:\WINDOWS\System32\winrnr.dll
0x76f20000 - 0x76f4d000 	C:\WINDOWS\system32\WLDAP32.dll
0x76f80000 - 0x76f86000 	C:\WINDOWS\system32\rasadhlp.dll
0x68000000 - 0x68036000 	C:\WINDOWS\system32\rsaenh.dll
0x76980000 - 0x76a35000 	C:\WINDOWS\system32\USERENV.dll
0x5bc70000 - 0x5bcc5000 	C:\WINDOWS\system32\netapi32.dll
0x6d0b0000 - 0x6d1fc000 	C:\Programmi\Java\jdk1.6.0_04\jre\bin\awt.dll
0x72f70000 - 0x72f96000 	C:\WINDOWS\system32\WINSPOOL.DRV
0x76340000 - 0x7635d000 	C:\WINDOWS\system32\IMM32.dll
0x774b0000 - 0x775ed000 	C:\WINDOWS\system32\ole32.dll
0x773a0000 - 0x774a3000 	C:\WINDOWS\WinSxS\x86_Microsoft.Windows.Common-Controls_6595b64144ccf1df_6.0.2600.5512_x-ww_35d4ce83\COMCTL32.dll
0x77e90000 - 0x77f06000 	C:\WINDOWS\system32\SHLWAPI.dll
0x746b0000 - 0x746fc000 	C:\WINDOWS\system32\MSCTF.dll
0x6d2e0000 - 0x6d32f000 	C:\Programmi\Java\jdk1.6.0_04\jre\bin\fontmanager.dll
0x7c9d0000 - 0x7d1ee000 	C:\WINDOWS\system32\shell32.dll
0x73aa0000 - 0x73ab5000 	C:\WINDOWS\system32\mscms.dll
0x68cf0000 - 0x68d31000 	C:\WINDOWS\system32\icm32.dll
0x6d6d0000 - 0x6d6d9000 	C:\Programmi\Java\jdk1.6.0_04\jre\bin\nio.dll
0x76bb0000 - 0x76bbb000 	C:\WINDOWS\system32\PSAPI.DLL

VM Arguments:
jvm_args: -javaagent:C:\max\maven_repo\org\springframework\org.springframework.instrument\3.0.5.RELEASE\org.springframework.instrument-3.0.5.RELEASE.jar 
java_command: C:\max\src\tomato_Copia\target\surefire\surefirebooter1714907344927109979.jar C:\max\src\tomato_Copia\target\surefire\surefire8729308042462534832tmp C:\max\src\tomato_Copia\target\surefire\surefire6209566524494374167tmp
Launcher Type: SUN_STANDARD

Environment Variables:
JAVA_HOME=C:\Programmi\Java\jdk1.6.0_04
PATH=C:\cygwin\usr\local\bin;C:\cygwin\bin;C:\WINDOWS\system32;C:\WINDOWS;C:\WINDOWS\System32\Wbem;C:\WINDOWS\system32\WindowsPowerShell\v1.0;C:\Programmi\Microsoft SQL Server\100\Tools\Binn;C:\Programmi\Microsoft SQL Server\100\DTS\Binn;C:\Programmi\Microsoft SQL Server\100\Tools\Binn\VSShell\Common7\IDE;C:\max\programs\TortoiseHg;C:\Programmi\LinCVS;C:\max\build-test-tools\apache-maven-3.0.4\bin;C:\Programmi\File comuni\Microsoft Shared\ExtendedReflection\0.94.51006.1\bin
USERNAME=utenteA
SHELL=/bin/bash
OS=Windows_NT
PROCESSOR_IDENTIFIER=x86 Family 15 Model 43 Stepping 1, AuthenticAMD



---------------  S Y S T E M  ---------------

OS: Windows XP Build 2600 Service Pack 3

CPU:total 2 (2 cores per cpu, 1 threads per core) family 15 model 43 stepping 1, cmov, cx8, fxsr, mmx, sse, sse2, sse3, mmxext, 3dnowpref

Memory: 4k page, physical 2620904k(297488k free), swap 3246932k(410120k free)

vm_info: Java HotSpot(TM) Client VM (20.13-b02) for windows-x86 JRE (1.6.0_38-b05), built on Nov 14 2012 01:54:26 by "java_re" with MS VC++ 7.1 (VS2003)

time: Fri Feb 01 13:54:34 2013
elapsed time: 17 seconds

